0 info it worked if it ends with ok
1 verbose cli [ 'c:\\Program Files\\nodejs\\node.exe',
1 verbose cli   'C:\\Users\\Lê\\AppData\\Roaming\\npm\\node_modules\\npm\\bin\\npm-cli.js',
1 verbose cli   'run',
1 verbose cli   'build' ]
2 info using npm@3.10.8
3 info using node@v4.8.3
4 verbose run-script [ 'prebuild', 'build', 'postbuild' ]
5 info lifecycle react-launcher@1.0.0~prebuild: react-launcher@1.0.0
6 silly lifecycle react-launcher@1.0.0~prebuild: no script for prebuild, continuing
7 info lifecycle react-launcher@1.0.0~build: react-launcher@1.0.0
8 verbose lifecycle react-launcher@1.0.0~build: unsafe-perm in lifecycle true
9 verbose lifecycle react-launcher@1.0.0~build: PATH: C:\Users\Lê\AppData\Roaming\npm\node_modules\npm\bin\node-gyp-bin;E:\Document\project\github\react-launcher\node_modules\.bin;c:\Users\Lê\bin;.;C:\Program Files (x86)\Git\local\bin;C:\Program Files (x86)\Git\mingw\bin;C:\Program Files (x86)\Git\bin;c:\Program Files\ConEmu\ConEmu\Scripts;c:\Program Files\ConEmu;c:\Program Files\ConEmu\ConEmu;c:\Program Files\ImageMagick-6.9.3-Q16;c:\Program Files (x86)\ImageMagick-6.6.5-Q8;c:\WINDOWS\system32;c:\WINDOWS;c:\WINDOWS\System32\Wbem;c:\WINDOWS\System32\WindowsPowerShell\v1.0\;c:\Program Files\Microsoft SQL Server\110\Tools\Binn\;c:\Program Files\Microsoft SQL Server\110\DTS\Binn\;c:\Program Files (x86)\Microsoft SQL Server\110\Tools\Binn\;c:\Program Files (x86)\Microsoft SQL Server\110\Tools\Binn\ManagementStudio\;c:\Program Files (x86)\Microsoft Visual Studio 10.0\Common7\IDE\PrivateAssemblies\;c:\Program Files (x86)\Microsoft SQL Server\110\DTS\Binn\;c:\Program Files\TortoiseSVN\bin;e:\wamp\bin\php\php5.5.12;c:\ProgramData\ComposerSetup\bin;c:\Program Files\TortoiseGit\bin;c:\Program Files (x86)\Tesseract-OCR;e:\Tesseract-OCR;c:\vagrant\bin;c:\Program Files (x86)\Heroku\bin;c:\Program Files\nodejs\;c:\Program Files (x86)\Windows Kits\8.1\Windows Performance Toolkit\;c:\Program Files (x86)\Yarn\bin;C:\Program Files (x86)\Git\bin;c:\Program Files\Docker Toolbox;c:\Users\Lê\AppData\Roaming\npm;c:\Program Files (x86)\Microsoft VS Code\bin;c:\Program Files (x86)\Bitvise SSH Client;c:\Users\Lê\AppData\Local\Yarn\bin;%USERPROFILE%\AppData\Local\Microsoft\WindowsApps;.
10 verbose lifecycle react-launcher@1.0.0~build: CWD: E:\Document\project\github\react-launcher
11 silly lifecycle react-launcher@1.0.0~build: Args: [ '/d /s /c',
11 silly lifecycle   'webpack --optimize-minimize --color --progress --config webpack.prod.babel.js' ]
12 silly lifecycle react-launcher@1.0.0~build: Returned: code: 2  signal: null
13 info lifecycle react-launcher@1.0.0~build: Failed to exec build script
14 verbose stack Error: react-launcher@1.0.0 build: `webpack --optimize-minimize --color --progress --config webpack.prod.babel.js`
14 verbose stack Exit status 2
14 verbose stack     at EventEmitter.<anonymous> (C:\Users\Lê\AppData\Roaming\npm\node_modules\npm\lib\utils\lifecycle.js:255:16)
14 verbose stack     at emitTwo (events.js:87:13)
14 verbose stack     at EventEmitter.emit (events.js:172:7)
14 verbose stack     at ChildProcess.<anonymous> (C:\Users\Lê\AppData\Roaming\npm\node_modules\npm\lib\utils\spawn.js:40:14)
14 verbose stack     at emitTwo (events.js:87:13)
14 verbose stack     at ChildProcess.emit (events.js:172:7)
14 verbose stack     at maybeClose (internal/child_process.js:862:16)
14 verbose stack     at Process.ChildProcess._handle.onexit (internal/child_process.js:222:5)
15 verbose pkgid react-launcher@1.0.0
16 verbose cwd E:\Document\project\github\react-launcher
17 error Windows_NT 10.0.15063
18 error argv "c:\\Program Files\\nodejs\\node.exe" "C:\\Users\\Lê\\AppData\\Roaming\\npm\\node_modules\\npm\\bin\\npm-cli.js" "run" "build"
19 error node v4.8.3
20 error npm  v3.10.8
21 error code ELIFECYCLE
22 error react-launcher@1.0.0 build: `webpack --optimize-minimize --color --progress --config webpack.prod.babel.js`
22 error Exit status 2
23 error Failed at the react-launcher@1.0.0 build script 'webpack --optimize-minimize --color --progress --config webpack.prod.babel.js'.
23 error Make sure you have the latest version of node.js and npm installed.
23 error If you do, this is most likely a problem with the react-launcher package,
23 error not with npm itself.
23 error Tell the author that this fails on your system:
23 error     webpack --optimize-minimize --color --progress --config webpack.prod.babel.js
23 error You can get information on how to open an issue for this project with:
23 error     npm bugs react-launcher
23 error Or if that isn't available, you can get their info via:
23 error     npm owner ls react-launcher
23 error There is likely additional logging output above.
24 verbose exit [ 1, true ]
